nohup: ignoring input
Server running on http://localhost:3001
 ○ Compiling /_error ...
 ✓ Compiled /_error in 836ms (205 modules)
Do not add stylesheets using next/head (see <link rel="stylesheet"> tag with href="/css/style.css"). Use Document instead. 
See more info here: https://nextjs.org/docs/messages/no-stylesheets-in-head-component
Do not add stylesheets using next/head (see <link rel="stylesheet"> tag with href="/css/style.css"). Use Document instead. 
See more info here: https://nextjs.org/docs/messages/no-stylesheets-in-head-component
 ⚠ Fast Refresh had to perform a full reload. Read more: https://nextjs.org/docs/messages/fast-refresh-reload
 ○ Compiling /estore ...
 ✓ Compiled /estore in 557ms (255 modules)
Do not add stylesheets using next/head (see <link rel="stylesheet"> tag with href="/css/style.css"). Use Document instead. 
See more info here: https://nextjs.org/docs/messages/no-stylesheets-in-head-component
 ✓ Compiled / in 458ms (259 modules)
 ✓ Compiled /curriculum in 217ms (263 modules)
Do not add stylesheets using next/head (see <link rel="stylesheet"> tag with href="/css/style.css"). Use Document instead. 
See more info here: https://nextjs.org/docs/messages/no-stylesheets-in-head-component
 ✓ Compiled /tutors in 262ms (267 modules)
 ✓ Compiled /apply in 161ms (271 modules)
 ✓ Compiled /about in 220ms (275 modules)
 ✓ Compiled /contact in 124ms (281 modules)
Do not add stylesheets using next/head (see <link rel="stylesheet"> tag with href="/css/style.css"). Use Document instead. 
See more info here: https://nextjs.org/docs/messages/no-stylesheets-in-head-component
 ✓ Compiled in 329ms (273 modules)
 ✓ Compiled /estore in 340ms (265 modules)
 ✓ Compiled /_error in 78ms (267 modules)
Do not add stylesheets using next/head (see <link rel="stylesheet"> tag with href="/css/style.css"). Use Document instead. 
See more info here: https://nextjs.org/docs/messages/no-stylesheets-in-head-component
